<?xml version="1.0" encoding="UTF-8"?>
<testsuite xmlns:xsi="http://www.w3.org/2001/XMLSchema-instance" xsi:noNamespaceSchemaLocation="https://maven.apache.org/surefire/maven-surefire-plugin/xsd/surefire-test-report.xsd" name="com.zhf.UserTest" time="1.966" tests="6" errors="0" skipped="0" failures="0">
  <properties>
[...]
</properties>
  <testcase name="queryById" classname="com.zhf.UserTest" time="1.066"/>
  <testcase name="testAddUser" classname="com.zhf.UserTest" time="0.223"/>
  <testcase name="inserUser" classname="com.zhf.UserTest" time="0.21"/>
  <testcase name="updateUser" classname="com.zhf.UserTest" time="0.088"/>
  <testcase name="findUserByName" classname="com.zhf.UserTest" time="0.006"/>
  <testcase name="deleteUser" classname="com.zhf.UserTest" time="0.245"/>
</testsuite>